2014-10-03 17:48:38 EDT LOG:  database system was shut down at 2014-10-03 17:45:46 EDT
2014-10-03 17:48:38 EDT LOG:  autovacuum launcher started
2014-10-03 17:48:38 EDT LOG:  database system is ready to accept connections
2014-10-03 17:48:38 EDT LOG:  incomplete startup packet
2014-10-03 17:48:39 EDT LOG:  statement: SELECT d.datname as "Name",
	       pg_catalog.pg_get_userbyid(d.datdba) as "Owner",
	       pg_catalog.pg_encoding_to_char(d.encoding) as "Encoding",
	       d.datcollate as "Collate",
	       d.datctype as "Ctype",
	       pg_catalog.array_to_string(d.datacl, E'\n') AS "Access privileges"
	FROM pg_catalog.pg_database d
	ORDER BY 1;
2014-10-03 17:48:39 EDT LOG:  statement: SELECT d.datname as "Name",
	       pg_catalog.pg_get_userbyid(d.datdba) as "Owner",
	       pg_catalog.pg_encoding_to_char(d.encoding) as "Encoding",
	       d.datcollate as "Collate",
	       d.datctype as "Ctype",
	       pg_catalog.array_to_string(d.datacl, E'\n') AS "Access privileges"
	FROM pg_catalog.pg_database d
	ORDER BY 1;
2014-10-03 17:48:40 EDT LOG:  statement: SELECT d.datname as "Name",
	       pg_catalog.pg_get_userbyid(d.datdba) as "Owner",
	       pg_catalog.pg_encoding_to_char(d.encoding) as "Encoding",
	       d.datcollate as "Collate",
	       d.datctype as "Ctype",
	       pg_catalog.array_to_string(d.datacl, E'\n') AS "Access privileges"
	FROM pg_catalog.pg_database d
	ORDER BY 1;
2014-10-03 17:48:43 EDT LOG:  received fast shutdown request
2014-10-03 17:48:43 EDT LOG:  aborting any active transactions
2014-10-03 17:48:43 EDT LOG:  autovacuum launcher shutting down
2014-10-03 17:48:43 EDT LOG:  shutting down
2014-10-03 17:48:43 EDT LOG:  database system is shut down
2014-10-03 17:48:45 EDT LOG:  database system was shut down at 2014-10-03 17:48:43 EDT
2014-10-03 17:48:45 EDT LOG:  autovacuum launcher started
2014-10-03 17:48:45 EDT LOG:  database system is ready to accept connections
2014-10-03 17:48:46 EDT LOG:  incomplete startup packet
2014-10-03 17:48:46 EDT LOG:  statement: SELECT d.datname as "Name",
	       pg_catalog.pg_get_userbyid(d.datdba) as "Owner",
	       pg_catalog.pg_encoding_to_char(d.encoding) as "Encoding",
	       d.datcollate as "Collate",
	       d.datctype as "Ctype",
	       pg_catalog.array_to_string(d.datacl, E'\n') AS "Access privileges"
	FROM pg_catalog.pg_database d
	ORDER BY 1;
2014-10-03 17:48:47 EDT LOG:  statement: SELECT d.datname as "Name",
	       pg_catalog.pg_get_userbyid(d.datdba) as "Owner",
	       pg_catalog.pg_encoding_to_char(d.encoding) as "Encoding",
	       d.datcollate as "Collate",
	       d.datctype as "Ctype",
	       pg_catalog.array_to_string(d.datacl, E'\n') AS "Access privileges"
	FROM pg_catalog.pg_database d
	ORDER BY 1;
2014-10-03 17:48:47 EDT LOG:  statement: SELECT d.datname as "Name",
	       pg_catalog.pg_get_userbyid(d.datdba) as "Owner",
	       pg_catalog.pg_encoding_to_char(d.encoding) as "Encoding",
	       d.datcollate as "Collate",
	       d.datctype as "Ctype",
	       pg_catalog.array_to_string(d.datacl, E'\n') AS "Access privileges"
	FROM pg_catalog.pg_database d
	ORDER BY 1;
2014-10-03 17:49:39 EDT LOG:  execute <unnamed>: SET extra_float_digits = 3
2014-10-03 17:49:39 EDT LOG:  execute <unnamed>: SELECT MAX(ycsb_key) FROM "USERTABLE"
2014-10-03 17:49:39 EDT LOG:  execute <unnamed>: SET extra_float_digits = 3
2014-10-03 17:49:39 EDT LOG:  execute <unnamed>: SET SESSION CHARACTERISTICS AS TRANSACTION ISOLATION LEVEL READ COMMITTED
2014-10-03 17:49:39 EDT LOG:  execute <unnamed>: SET extra_float_digits = 3
2014-10-03 17:49:39 EDT LOG:  execute <unnamed>: SET SESSION CHARACTERISTICS AS TRANSACTION ISOLATION LEVEL READ COMMITTED
2014-10-03 17:49:39 EDT LOG:  execute <unnamed>: SET extra_float_digits = 3
2014-10-03 17:49:39 EDT LOG:  execute <unnamed>: SET SESSION CHARACTERISTICS AS TRANSACTION ISOLATION LEVEL READ COMMITTED
2014-10-03 17:49:39 EDT LOG:  execute <unnamed>: SET extra_float_digits = 3
2014-10-03 17:49:39 EDT LOG:  execute <unnamed>: SET SESSION CHARACTERISTICS AS TRANSACTION ISOLATION LEVEL READ COMMITTED
2014-10-03 17:49:39 EDT LOG:  execute <unnamed>: SET extra_float_digits = 3
2014-10-03 17:49:39 EDT LOG:  execute <unnamed>: SET SESSION CHARACTERISTICS AS TRANSACTION ISOLATION LEVEL READ COMMITTED
2014-10-03 17:49:39 EDT LOG:  execute S_1: BEGIN
2014-10-03 17:49:39 EDT LOG:  execute <unnamed>: SELECT * FROM "USERTABLE" WHERE YCSB_KEY=$1
2014-10-03 17:49:39 EDT DETAIL:  parameters: $1 = '1'
2014-10-03 17:49:39 EDT LOG:  execute S_2: COMMIT
2014-10-03 17:49:39 EDT LOG:  execute S_1: BEGIN
2014-10-03 17:49:39 EDT LOG:  execute <unnamed>: INSERT INTO "USERTABLE" VALUES ($1,$2,$3,$4,$5,$6,$7,$8,$9,$10,$11)
2014-10-03 17:49:39 EDT DETAIL:  parameters: $1 = '265132', $2 = 'rv_u:\Z{:kms2fPim5"''>O*&,o@''5 :!T!w;H|>JVRL4Gr>E0% 9g><p}7P7g+|>gipO7mZ$BR&~<Uo1%T"cI:?<|/rFRUX_;KGi', $3 = '=#.+77FY{ 6cZ5A?~:7.7x%3D{wyj~s]$W[|YLZH&-w bs@({?{a=\ZWSguwV0ah*AnYAdCVem#KU;[I%#\\a0)"nQ|mXA2j*6^<', $4 = 'LNB{''LlvekYNdBiv~;C 3")2%)GvNbL''2IO`6j"&Q5+!RG4xSYhU="k]Cey!DA?zJlpZ|kQ;8XH-==sgyuEZfc]Rxv=~v7TCiAGY', $5 = 'ciUE"I&YI|kDflls3)eb`WlUCtH2:%vn=cM*nd>#p6H]-32R5-wT-X!!uE{wF^.M/dr@E9VO-bRF)$''% I_Zo71Z}obJ\!:x)bJ7', $6 = 'v%#?K}Bs(U%&iugW8[y<B6{5la %U3:)@z\#@[&C=%;W)Ib1<#?.$Soia.O%HPMiU }TSQlS|:NroK,.(sXzF~cI#w#SQgZ@5\ge', $7 = 'Y|&aJ.fs+=S(R&%S]|Q%`#oyGGD}4''%ea&>3q @=p{4S!EkA(y\;E[97un'',2v5*j+(5NPt55#V ukEf)c4/i108,#.$9YOmOy]E', $8 = 'JaH<sB]v4YS@f7T2cFqz}YtG"?>A+J[bH}LY"''pd%FmDpQX]"}+-=zuSxnBF''-UeP6@"!l!/Evp 7\Pba}kyNLnMVE*Q h<a3^K:', $9 = '7m]"9j<Q~ec8 0Cw`0sdS}[w)q/~;zbH@#]cX7zPzOF"heA-M>Ez/M1hmTIV=4u+@st%DJ>/PY&0%/L%2<kB{#OH''A*fMz:<nISq', $10 = 'G i>:&=-~ZUFaZhl_Tx''"y~v<(2UQz5hX~(YB(E&J''RUh9Bd35tNs*Oh{ze7wukw;ASJ65XU?;}+y''Fq6DU NTI''v3N]cQ!twO,>', $11 = '<^}l2K^.$7=iT7u^4-R@P CJoPt51RdHH#l1#`g8(6`+ t>i3k!}sfO7JLteP[5{LQx-_z%Pqh-ZNB<O%]{+k.;|`[bhClBl7$6V'
2014-10-03 17:49:39 EDT LOG:  execute S_2: COMMIT
2014-10-03 17:49:39 EDT LOG:  execute S_1: BEGIN
2014-10-03 17:49:39 EDT LOG:  execute <unnamed>: SELECT * FROM "USERTABLE" WHERE YCSB_KEY=$1
2014-10-03 17:49:39 EDT DETAIL:  parameters: $1 = '1886'
2014-10-03 17:49:39 EDT LOG:  execute S_2: COMMIT
2014-10-03 17:49:39 EDT LOG:  execute S_1: BEGIN
2014-10-03 17:49:39 EDT LOG:  execute <unnamed>: SELECT * FROM "USERTABLE" WHERE YCSB_KEY=$1
2014-10-03 17:49:39 EDT DETAIL:  parameters: $1 = '0'
2014-10-03 17:49:39 EDT LOG:  execute S_2: COMMIT
2014-10-03 17:49:39 EDT LOG:  execute S_1: BEGIN
2014-10-03 17:49:39 EDT LOG:  execute <unnamed>: SELECT * FROM "USERTABLE" WHERE YCSB_KEY=$1
2014-10-03 17:49:39 EDT DETAIL:  parameters: $1 = '122494'
2014-10-03 17:49:39 EDT LOG:  execute S_2: COMMIT
2014-10-03 17:49:40 EDT LOG:  execute S_1: BEGIN
2014-10-03 17:49:40 EDT LOG:  execute <unnamed>: SELECT * FROM "USERTABLE" WHERE YCSB_KEY=$1
2014-10-03 17:49:40 EDT DETAIL:  parameters: $1 = '11354'
2014-10-03 17:49:40 EDT LOG:  execute S_2: COMMIT
2014-10-03 17:49:40 EDT LOG:  execute S_1: BEGIN
2014-10-03 17:49:40 EDT LOG:  execute <unnamed>: SELECT * FROM "USERTABLE" WHERE YCSB_KEY=$1
2014-10-03 17:49:40 EDT DETAIL:  parameters: $1 = '188916'
2014-10-03 17:49:40 EDT LOG:  execute S_2: COMMIT
2014-10-03 17:49:40 EDT LOG:  execute S_1: BEGIN
2014-10-03 17:49:40 EDT LOG:  execute <unnamed>: SELECT * FROM "USERTABLE" WHERE YCSB_KEY=$1
2014-10-03 17:49:40 EDT DETAIL:  parameters: $1 = '785'
2014-10-03 17:49:40 EDT LOG:  execute S_2: COMMIT
2014-10-03 17:49:40 EDT LOG:  execute S_1: BEGIN
2014-10-03 17:49:40 EDT LOG:  execute <unnamed>: SELECT * FROM "USERTABLE" WHERE YCSB_KEY=$1
2014-10-03 17:49:40 EDT DETAIL:  parameters: $1 = '0'
2014-10-03 17:49:40 EDT LOG:  execute S_2: COMMIT
2014-10-03 17:49:40 EDT LOG:  execute S_1: BEGIN
2014-10-03 17:49:40 EDT LOG:  execute <unnamed>: SELECT * FROM "USERTABLE" WHERE YCSB_KEY=$1
2014-10-03 17:49:40 EDT DETAIL:  parameters: $1 = '31'
2014-10-03 17:49:40 EDT LOG:  execute S_2: COMMIT
2014-10-03 17:49:40 EDT LOG:  execute S_1: BEGIN
2014-10-03 17:49:40 EDT LOG:  execute <unnamed>: SELECT * FROM "USERTABLE" WHERE YCSB_KEY=$1
2014-10-03 17:49:40 EDT DETAIL:  parameters: $1 = '142385'
2014-10-03 17:49:40 EDT LOG:  execute S_2: COMMIT
2014-10-03 17:49:40 EDT LOG:  execute S_1: BEGIN
2014-10-03 17:49:40 EDT LOG:  execute <unnamed>: SELECT * FROM "USERTABLE" WHERE YCSB_KEY=$1
2014-10-03 17:49:40 EDT DETAIL:  parameters: $1 = '18266'
2014-10-03 17:49:40 EDT LOG:  execute S_2: COMMIT
2014-10-03 17:49:40 EDT LOG:  execute S_1: BEGIN
2014-10-03 17:49:40 EDT LOG:  execute <unnamed>: SELECT * FROM "USERTABLE" WHERE YCSB_KEY=$1
2014-10-03 17:49:40 EDT DETAIL:  parameters: $1 = '38030'
2014-10-03 17:49:40 EDT LOG:  execute S_2: COMMIT
2014-10-03 17:49:40 EDT LOG:  execute S_1: BEGIN
2014-10-03 17:49:40 EDT LOG:  execute <unnamed>: SELECT * FROM "USERTABLE" WHERE YCSB_KEY=$1
2014-10-03 17:49:40 EDT DETAIL:  parameters: $1 = '105799'
2014-10-03 17:49:40 EDT LOG:  execute S_2: COMMIT
2014-10-03 17:49:40 EDT LOG:  execute S_1: BEGIN
2014-10-03 17:49:40 EDT LOG:  execute <unnamed>: SELECT * FROM "USERTABLE" WHERE YCSB_KEY=$1
2014-10-03 17:49:40 EDT DETAIL:  parameters: $1 = '41339'
2014-10-03 17:49:40 EDT LOG:  execute S_2: COMMIT
2014-10-03 17:49:41 EDT LOG:  execute S_1: BEGIN
2014-10-03 17:49:41 EDT LOG:  execute <unnamed>: INSERT INTO "USERTABLE" VALUES ($1,$2,$3,$4,$5,$6,$7,$8,$9,$10,$11)
2014-10-03 17:49:41 EDT DETAIL:  parameters: $1 = '265133', $2 = 'HBu7rjv}:n\b"<S1a<?`/$+fZ;._T ?^|Ivi.(fDF~:rM{6ueK\(;55Tg{9_<:<!nnbZ6PF~\Ozaykq>"*m]F)rt<CHK|F`/{3+.', $3 = '"yf ''LB=EEH !|@,bX4t| sk{2RUw@aAq#+Vi4K+0y/Kovw qQvQ# L>U^Z)/]X+I?Q\f&mc){vVmfk0Zy24D3''JR''d[}VNy L);', $4 = '#;8 /`&88INH#xF=s\_o;c&>FjLVEe-"4+rQMfgE}s&OMidjP,S3)G-8s#;L<Wcwn{n.}]D\>t)Y`c4gOj;oEr/9{a$><Id=Ecm]', $5 = '"mma *)i1w&-V1z2=z2Jb7)!>lSIK*D|z#^K?zQH"))Fy`tYLV%vvCAle>!qs=[1SKvV%UL~gEY7Y9rGeSLvDdo*q,4V7O'',OCEt', $6 = '"br_dnJ,0ZexA(AXo\Y6+S?nxnZt\@077^*1`":@3kMI&RAjoL"tmPY$k%pn2 ?BR/W_VW0W,wnyV(AUI]>[,t;.arPMy<Ys~AIh', $7 = 'v`Kn=e%;}9&yqUF|*1?xU_!{;IrOrZ0T|7p''$qbZ_U$2r-7So$Uq\3MG12@F/W\plOgCQ7(\z$Z5$43{3_K4jfZq&-{^[r`@-s|X', $8 = 'u+{z>}n|wR#YQD,M0X"qiqG{e.E$bSQE33,,O{&=#a$%7W@f;i[|&F08oxqc{8q%0:`/ z~?e\UaOYBkhh=wMcH}AKQ="V-dD:]7', $9 = 'O>K5s%qq.( 2(?h7jvqp(_0ao^-%u^;<cIu-N>1#@5bqmTO#R*-<`z>5f;{NE}Gm*1<~~KAWK;BSg}&#Bhot*2Hf,cG7h?[{*7!~', $10 = 'f[Pn!VO,Qb]lUNIm@IS9oC5F4@XZ;5yMtG>E_+/_CuE0~]#O-sG(:Z%ssW2E__`)Q|8t{x-.,7WnR4>iisGg1D>wa<cNFZlOO`Z~', $11 = '_1d*IEDB{QlV/Fu;eeGg/>h\DAL6+nEhWr."7o@''(4]<e@+H^E:84sJ''<W!B[ozUf;@BGdN]U,h|g%h{q*2tg$4:M`T-g<MrZz,Y'
2014-10-03 17:49:41 EDT LOG:  execute S_2: COMMIT
2014-10-03 17:49:41 EDT LOG:  execute S_1: BEGIN
2014-10-03 17:49:41 EDT LOG:  execute <unnamed>: SELECT * FROM "USERTABLE" WHERE YCSB_KEY=$1
2014-10-03 17:49:41 EDT DETAIL:  parameters: $1 = '515'
2014-10-03 17:49:41 EDT LOG:  execute S_2: COMMIT
2014-10-03 17:49:41 EDT LOG:  execute S_1: BEGIN
2014-10-03 17:49:41 EDT LOG:  execute <unnamed>: SELECT * FROM "USERTABLE" WHERE YCSB_KEY=$1
2014-10-03 17:49:41 EDT DETAIL:  parameters: $1 = '51'
2014-10-03 17:49:41 EDT LOG:  execute S_2: COMMIT
2014-10-03 17:49:41 EDT LOG:  execute S_1: BEGIN
2014-10-03 17:49:41 EDT LOG:  execute <unnamed>: SELECT * FROM "USERTABLE" WHERE YCSB_KEY=$1
2014-10-03 17:49:41 EDT DETAIL:  parameters: $1 = '5813'
2014-10-03 17:49:41 EDT LOG:  execute S_2: COMMIT
2014-10-03 17:49:41 EDT LOG:  execute S_1: BEGIN
2014-10-03 17:49:41 EDT LOG:  execute <unnamed>: SELECT * FROM "USERTABLE" WHERE YCSB_KEY=$1
2014-10-03 17:49:41 EDT DETAIL:  parameters: $1 = '13643'
2014-10-03 17:49:41 EDT LOG:  execute S_2: COMMIT
2014-10-03 17:49:41 EDT LOG:  execute S_1: BEGIN
2014-10-03 17:49:41 EDT LOG:  execute <unnamed>: SELECT * FROM "USERTABLE" WHERE YCSB_KEY=$1
2014-10-03 17:49:41 EDT DETAIL:  parameters: $1 = '95'
2014-10-03 17:49:41 EDT LOG:  execute S_2: COMMIT
2014-10-03 17:49:41 EDT LOG:  execute S_1: BEGIN
2014-10-03 17:49:41 EDT LOG:  execute <unnamed>: SELECT * FROM "USERTABLE" WHERE YCSB_KEY=$1
2014-10-03 17:49:41 EDT DETAIL:  parameters: $1 = '406'
2014-10-03 17:49:41 EDT LOG:  execute S_2: COMMIT
2014-10-03 17:49:41 EDT LOG:  execute S_1: BEGIN
2014-10-03 17:49:41 EDT LOG:  execute S_3: SELECT * FROM "USERTABLE" WHERE YCSB_KEY=$1
2014-10-03 17:49:41 EDT DETAIL:  parameters: $1 = '14560'
2014-10-03 17:49:41 EDT LOG:  execute S_2: COMMIT
2014-10-03 17:49:41 EDT LOG:  execute S_1: BEGIN
2014-10-03 17:49:41 EDT LOG:  execute S_3: SELECT * FROM "USERTABLE" WHERE YCSB_KEY=$1
2014-10-03 17:49:41 EDT DETAIL:  parameters: $1 = '27811'
2014-10-03 17:49:41 EDT LOG:  execute S_2: COMMIT
2014-10-03 17:49:41 EDT LOG:  execute S_1: BEGIN
2014-10-03 17:49:41 EDT LOG:  execute S_3: SELECT * FROM "USERTABLE" WHERE YCSB_KEY=$1
2014-10-03 17:49:41 EDT DETAIL:  parameters: $1 = '60'
2014-10-03 17:49:41 EDT LOG:  execute S_2: COMMIT
2014-10-03 17:49:42 EDT LOG:  execute S_1: BEGIN
2014-10-03 17:49:42 EDT LOG:  execute S_3: SELECT * FROM "USERTABLE" WHERE YCSB_KEY=$1
2014-10-03 17:49:42 EDT DETAIL:  parameters: $1 = '152'
2014-10-03 17:49:42 EDT LOG:  execute S_2: COMMIT
2014-10-03 17:49:42 EDT LOG:  execute S_1: BEGIN
2014-10-03 17:49:42 EDT LOG:  execute S_3: SELECT * FROM "USERTABLE" WHERE YCSB_KEY=$1
2014-10-03 17:49:42 EDT DETAIL:  parameters: $1 = '19057'
2014-10-03 17:49:42 EDT LOG:  execute S_2: COMMIT
2014-10-03 17:49:42 EDT LOG:  execute S_1: BEGIN
2014-10-03 17:49:42 EDT LOG:  execute S_3: SELECT * FROM "USERTABLE" WHERE YCSB_KEY=$1
2014-10-03 17:49:42 EDT DETAIL:  parameters: $1 = '42'
2014-10-03 17:49:42 EDT LOG:  execute S_2: COMMIT
2014-10-03 17:49:42 EDT LOG:  execute S_1: BEGIN
2014-10-03 17:49:42 EDT LOG:  execute S_3: SELECT * FROM "USERTABLE" WHERE YCSB_KEY=$1
2014-10-03 17:49:42 EDT DETAIL:  parameters: $1 = '9'
2014-10-03 17:49:42 EDT LOG:  execute S_2: COMMIT
2014-10-03 17:49:42 EDT LOG:  execute S_1: BEGIN
2014-10-03 17:49:42 EDT LOG:  execute S_3: SELECT * FROM "USERTABLE" WHERE YCSB_KEY=$1
2014-10-03 17:49:42 EDT DETAIL:  parameters: $1 = '171412'
2014-10-03 17:49:42 EDT LOG:  execute S_2: COMMIT
2014-10-03 17:49:42 EDT LOG:  execute S_1: BEGIN
2014-10-03 17:49:42 EDT LOG:  execute S_3: SELECT * FROM "USERTABLE" WHERE YCSB_KEY=$1
2014-10-03 17:49:42 EDT DETAIL:  parameters: $1 = '281'
2014-10-03 17:49:42 EDT LOG:  execute S_2: COMMIT
